Using pre-set license

 COMMAND LINE ARGUMENTS:
/Applications/Unity/Hub/Editor/2020.3.2f1/Unity.app/Contents/MacOS/Unity
-adb2
-batchMode
-noUpm
-name
AssetImportWorker0
-projectPath
/Users/hnock23/Desktop/Academics/VR Class/Unity Games/Pokemon Red - Pallet
-logFile
Logs/AssetImportWorker0.log
-srvPort
53948
Successfully changed project path to: /Users/hnock23/Desktop/Academics/VR Class/Unity Games/Pokemon Red - Pallet
/Users/hnock23/Desktop/Academics/VR Class/Unity Games/Pokemon Red - Pallet
Using Asset Import Pipeline V2.
Refreshing native plugins compatible for Editor in 77.31 ms, found 1 plugins.
Preloading 0 native plugins for Editor in 0.00 ms.
Initialize engine version: 2020.3.2f1 (8fd9074bf66c)
[Subsystems] Discovering subsystems at path /Applications/Unity/Hub/Editor/2020.3.2f1/Unity.app/Contents/Resources/UnitySubsystems
[Subsystems] Discovering subsystems at path /Users/hnock23/Desktop/Academics/VR Class/Unity Games/Pokemon Red - Pallet/Assets
GfxDevice: creating device client; threaded=0
2021-05-20 14:20:19.118 Unity[98925:15439412] Color LCD preferred device: Intel(R) Iris(TM) Plus Graphics 640 (low power)
2021-05-20 14:20:19.118 Unity[98925:15439412] Metal devices available: 1
2021-05-20 14:20:19.118 Unity[98925:15439412] 0: Intel(R) Iris(TM) Plus Graphics 640 (low power)
2021-05-20 14:20:19.118 Unity[98925:15439412] Using device Intel(R) Iris(TM) Plus Graphics 640 (low power)
Initializing Metal device caps: Intel(R) Iris(TM) Plus Graphics 640
Initialize mono
Mono path[0] = '/Applications/Unity/Hub/Editor/2020.3.2f1/Unity.app/Contents/Managed'
Mono path[1] = '/Applications/Unity/Hub/Editor/2020.3.2f1/Unity.app/Contents/MonoBleedingEdge/lib/mono/unityjit'
Mono config path = '/Applications/Unity/Hub/Editor/2020.3.2f1/Unity.app/Contents/MonoBleedingEdge/etc'
Using monoOptions --debugger-agent=transport=dt_socket,embedding=1,server=y,suspend=n,address=127.0.0.1:56925
Begin MonoManager ReloadAssembly
Registering precompiled unity dll's ...
Register platform support module: /Applications/Unity/Hub/Editor/2020.3.2f1/PlaybackEngines/WebGLSupport/UnityEditor.WebGL.Extensions.dll
Register platform support module: /Applications/Unity/Hub/Editor/2020.3.2f1/Unity.app/Contents/PlaybackEngines/MacStandaloneSupport/UnityEditor.OSXStandalone.Extensions.dll
Register platform support module: /Applications/Unity/Hub/Editor/2020.3.2f1/PlaybackEngines/WindowsStandaloneSupport/UnityEditor.WindowsStandalone.Extensions.dll
Registered in 0.005187 seconds.
Native extension for WindowsStandalone target not found
Native extension for OSXStandalone target not found
Native extension for WebGL target not found
Refreshing native plugins compatible for Editor in 63.56 ms, found 1 plugins.
Preloading 0 native plugins for Editor in 0.00 ms.
Invoked RoslynAnalysisRunner static constructor.
RoslynAnalysisRunner will not be running.
RoslynAnalysisRunner has terminated.
Mono: successfully reloaded assembly
- Completed reload, in  3.539 seconds
Platform modules already initialized, skipping
Registering precompiled user dll's ...
Registered in 0.004437 seconds.
Begin MonoManager ReloadAssembly
Native extension for WindowsStandalone target not found
Native extension for OSXStandalone target not found
Native extension for WebGL target not found
Refreshing native plugins compatible for Editor in 145.28 ms, found 1 plugins.
Preloading 0 native plugins for Editor in 0.00 ms.
Invoked RoslynAnalysisRunner static constructor.
RoslynAnalysisRunner will not be running.
RoslynAnalysisRunner has terminated.
Mono: successfully reloaded assembly
- Completed reload, in  3.404 seconds
Platform modules already initialized, skipping
========================================================================
Worker process is ready to serve import requests
Shader 'Universal Render Pipeline/Particles/Lit': fallback shader 'Universal Render Pipeline/Particles/SimpleLit' not found
Shader 'Universal Render Pipeline/Particles/Lit': fallback shader 'Universal Render Pipeline/Particles/SimpleLit' not found
Launching external process: /Applications/Unity/Hub/Editor/2020.3.2f1/Unity.app/Contents/Tools/UnityShaderCompiler
Launched and connected shader compiler UnityShaderCompiler after 0.03 seconds
Refreshing native plugins compatible for Editor in 0.77 ms, found 1 plugins.
Preloading 0 native plugins for Editor in 0.00 ms.
Unloading 2737 Unused Serialized files (Serialized files now loaded: 0)
System memory in use before: 198.8 MB.
System memory in use after: 196.3 MB.

Unloading 50 unused Assets to reduce memory usage. Loaded Objects now: 3147.
Total: 10.359481 ms (FindLiveObjects: 0.446940 ms CreateObjectMapping: 0.275066 ms MarkObjects: 6.714810 ms  DeleteObjects: 2.919445 ms)

========================================================================
Received Import Request.
  path: Assets/Monitor (google)/1335 Monitor.png
  artifactKey: Guid(f686049986f69444e9e998691ab5fee8) Importer(815301076,1909f56bfc062723c751e8b465ee728b)
Start importing Assets/Monitor (google)/1335 Monitor.png using Guid(f686049986f69444e9e998691ab5fee8) Importer(815301076,1909f56bfc062723c751e8b465ee728b)  -> (artifact id: 'f6e1a00338d179e4b7b6f07f271eed61') in 0.918635 seconds
  Import took 0.930271 seconds .

========================================================================
Received Import Request.
  Time since last request: 0.000471 seconds.
  path: Assets/Monitor (google)/1335 Monitor.obj
  artifactKey: Guid(d59b9329025964e09a12450fc9bd43d4) Importer(815301076,1909f56bfc062723c751e8b465ee728b)
Start importing Assets/Monitor (google)/1335 Monitor.obj using Guid(d59b9329025964e09a12450fc9bd43d4) Importer(815301076,1909f56bfc062723c751e8b465ee728b)  -> (artifact id: 'fd4186b81583bac0853ddad3d27ed3b6') in 2.327387 seconds
  Import took 2.344826 seconds .

========================================================================
Received Import Request.
  Time since last request: 95.755292 seconds.
  path: Assets/Google computer
  artifactKey: Guid(5525b97d7d60d4bc29a6d21692aed6c0) Importer(815301076,1909f56bfc062723c751e8b465ee728b)
Start importing Assets/Google computer using Guid(5525b97d7d60d4bc29a6d21692aed6c0) Importer(815301076,1909f56bfc062723c751e8b465ee728b)  -> (artifact id: '9b36a0e69949704accaeff98793a3ce1') in 0.002984 seconds
  Import took 0.011235 seconds .

========================================================================
Received Import Request.
  Time since last request: 0.024398 seconds.
  path: Assets/Google computer/Computer.obj
  artifactKey: Guid(fe66fe9581e11473ab921630caaeacc7) Importer(815301076,1909f56bfc062723c751e8b465ee728b)
Start importing Assets/Google computer/Computer.obj using Guid(fe66fe9581e11473ab921630caaeacc7) Importer(815301076,1909f56bfc062723c751e8b465ee728b)  -> (artifact id: 'a07b5d1708ab164de5cb62829c3514b0') in 0.708437 seconds
  Import took 0.716155 seconds .

